C51 COMPILER V9.54   DSQ2                                                                  10/16/2018 19:02:46 PAGE 1   


C51 COMPILER V9.54, COMPILATION OF MODULE DSQ2
OBJECT MODULE PLACED IN .\Objects\dsq2.obj
COMPILER INVOKED BY: C:\Keil_v5\C51\BIN\C51.EXE dsq2.c OPTIMIZE(8,SPEED) BROWSE DEBUG OBJECTEXTEND PRINT(.\Listings\dsq2
                    -.lst) TABS(2) OBJECT(.\Objects\dsq2.obj)

line level    source

   1          #include<reg52.h>
   2          
   3          
   4          void delay(unsigned int xms)
   5          {
   6   1        unsigned int i;
   7   1        for(;xms>0;xms--)
   8   1          for(i=112;i>0;i--);
   9   1      }
  10          
  11          
  12          
  13          
  14          
  15          void jump_low() interrupt 2
  16          {
  17   1        P1=~P1;
  18   1      }
  19          
  20          void main()
  21          {
  22   1        P1=0xf0;
  23   1        EX1=1;
  24   1        EA=1;
  25   1        IT1=1;
  26   1        
  27   1        while(1);
  28   1      }


MODULE INFORMATION:   STATIC OVERLAYABLE
   CODE SIZE        =     45    ----
   CONSTANT SIZE    =   ----    ----
   XDATA SIZE       =   ----    ----
   PDATA SIZE       =   ----    ----
   DATA SIZE        =   ----    ----
   IDATA SIZE       =   ----    ----
   BIT SIZE         =   ----    ----
END OF MODULE INFORMATION.


C51 COMPILATION COMPLETE.  0 WARNING(S),  0 ERROR(S)
