C51 COMPILER V9.52.0.0   DS                                                                10/24/2018 21:27:17 PAGE 1   


C51 COMPILER V9.52.0.0, COMPILATION OF MODULE DS
OBJECT MODULE PLACED IN .\Objects\ds.obj
COMPILER INVOKED BY: E:\app\keil\C51\BIN\C51.EXE ds.c BROWSE DEBUG OBJECTEXTEND PRINT(.\Listings\ds.lst) TABS(2) OBJECT(
                    -.\Objects\ds.obj)

line level    source

*** WARNING C500 IN LINE 1 OF ds.c: LICENSE ERROR (R207(3): REGISTRY READ ERROR)

   1          #include<reg52.h>
   2          
   3          sbit led = P1^0;
   4          sbit fm = P2^3;
   5          
   6          unsigned int flag = 0,i = 0;
   7          
   8          void delay(unsigned int xms)
   9          {
  10   1        unsigned int i;
  11   1        for(;xms>0;xms--)
  12   1          for(i=112;i>0;i--);
  13   1      }
  14          
  15          void timer_init()
  16          {
  17   1        TMOD = 0x01;
  18   1        TH0 = 0x3c;
  19   1        TL0 = 0xb0;
  20   1        EA = 1;
  21   1        ET0 = 1;
  22   1        TR0 = 1;
  23   1      } 
  24          
  25          void main()
  26          {
  27   1        led = 1;
  28   1        timer_init();
  29   1        while(1)
  30   1        {
  31   2          if(flag == 20)
  32   2          {
  33   3            led = ~led;
  34   3            flag = 0;
  35   3          }
  36   2          
  37   2          if(i == 100)
  38   2          {
  39   3            fm = 0;
  40   3            delay(50);
  41   3            fm = 1;
  42   3            
  43   3            i=0;
  44   3          }
  45   2        }
  46   1      }
  47          
  48          void timer() interrupt 1
  49          {
  50   1        TH0 = 0x3c;
  51   1        TL0 = 0xb0;
  52   1        flag++;
  53   1        i++;
C51 COMPILER V9.52.0.0   DS                                                                10/24/2018 21:27:17 PAGE 2   

  54   1      }
  55          


MODULE INFORMATION:   STATIC OVERLAYABLE
   CODE SIZE        =    117    ----
   CONSTANT SIZE    =   ----    ----
   XDATA SIZE       =   ----    ----
   PDATA SIZE       =   ----    ----
   DATA SIZE        =      4    ----
   IDATA SIZE       =   ----    ----
   BIT SIZE         =   ----    ----
END OF MODULE INFORMATION.


C51 COMPILATION COMPLETE.  1 WARNING(S),  0 ERROR(S)
