C51 COMPILER V9.54   FANGBO                                                                10/09/2018 20:36:10 PAGE 1   


C51 COMPILER V9.54, COMPILATION OF MODULE FANGBO
OBJECT MODULE PLACED IN .\Objects\fangbo.obj
COMPILER INVOKED BY: C:\Keil_v5\C51\BIN\C51.EXE fangbo.c OPTIMIZE(8,SPEED) BROWSE DEBUG OBJECTEXTEND PRINT(.\Listings\fa
                    -ngbo.lst) TABS(2) OBJECT(.\Objects\fangbo.obj)

line level    source

   1          #include<reg52.h>
   2          #define s P0
   3          
   4          sbit w1 = P2^4;
   5          sbit w2 = P2^5;
   6          sbit w3 = P2^6;
   7          sbit w4 = P2^7;
   8          
   9          sbit k1 = P3^4;
  10          sbit k2 = P3^5;
  11          sbit k3 = P3^6;
  12          sbit k4 = P3^7;
  13          
  14          
  15          void delay(unsigned int xms)
  16          {
  17   1        unsigned int i,j;
  18   1        for(i=xms;i>0;i--)
  19   1          for(j=112;j>0;j--);
  20   1      }
  21          
  22          void main()
  23          { 
  24   1        w1 = 0;
  25   1        w2 = 0;
  26   1        w3 = 0;
  27   1        w4 = 0;
  28   1        while(1)
  29   1        {
  30   2          if(k1 == 0)
  31   2          {
  32   3            delay(10);
  33   3            if(k1 == 0)
  34   3            {
  35   4              while(1)
  36   4              {
  37   5                unsigned int t;
  38   5                for(t=0;t<50;t++)
  39   5                {
  40   6                  w2=1;
  41   6                  w4=1;
  42   6                  w1=0;
  43   6                  w3=0;
  44   6                  s=0xb7;
  45   6                  delay(5);
  46   6                  w1=1;
  47   6                  w3=1;
  48   6                  w2=0;
  49   6                  w4=0;
  50   6                  s=0x88;
  51   6                  delay(5);
  52   6                }
  53   5                for(t=0;t<50;t++)
  54   5                {
C51 COMPILER V9.54   FANGBO                                                                10/09/2018 20:36:10 PAGE 2   

  55   6                  w2=1;
  56   6                  w4=1;
  57   6                  w1=0;
  58   6                  w3=0;
  59   6                  s=0x88;
  60   6                  delay(5);
  61   6                  w1=1;
  62   6                  w3=1;
  63   6                  w2=0;
  64   6                  w4=0;
  65   6                  s=0xb7;
  66   6                  delay(5);
  67   6                }
  68   5              }
  69   4            }     
  70   3          }
  71   2        }
  72   1      
  73   1      }


MODULE INFORMATION:   STATIC OVERLAYABLE
   CODE SIZE        =    156    ----
   CONSTANT SIZE    =   ----    ----
   XDATA SIZE       =   ----    ----
   PDATA SIZE       =   ----    ----
   DATA SIZE        =   ----       2
   IDATA SIZE       =   ----    ----
   BIT SIZE         =   ----    ----
END OF MODULE INFORMATION.


C51 COMPILATION COMPLETE.  0 WARNING(S),  0 ERROR(S)
