C51 COMPILER V9.54   DSQ                                                                   10/16/2018 19:19:08 PAGE 1   


C51 COMPILER V9.54, COMPILATION OF MODULE DSQ
OBJECT MODULE PLACED IN .\Objects\dsq.obj
COMPILER INVOKED BY: C:\Keil_v5\C51\BIN\C51.EXE dsq.c OPTIMIZE(8,SPEED) BROWSE DEBUG OBJECTEXTEND PRINT(.\Listings\dsq.l
                    -st) TABS(2) OBJECT(.\Objects\dsq.obj)

line level    source

   1          #include<reg52.h>
   2          #define duan P0
   3          #define uchar unsigned char
   4          
   5          uchar code sz[4]={0x06,0x5b,0x4f,0x66};
   6          
   7          sbit w1=P2^4;
   8          sbit w2=P2^5;
   9          sbit w3=P2^6;
  10          sbit w4=P2^7;
  11          
  12          sbit k1=P3^4;
  13          sbit k2=P3^5;
  14          sbit k3=P3^6;
  15          sbit k4=P3^7;
  16          
  17          
  18          void delay(unsigned int xms)
  19          {
  20   1        unsigned int i;
  21   1        for(;xms>0;xms--)
  22   1          for(i=112;i>0;i--);
  23   1      }
  24          
  25          
  26          void show1()
  27          {
  28   1        duan=sz[0]; w1=1; w2=0; w3=0; w4=0;
  29   1      }
  30          
  31          void show2()
  32          {
  33   1        duan=sz[1]; w1=0; w2=1; w3=0; w4=0;
  34   1      }
  35          void show3()
  36          {
  37   1        duan=sz[2]; w1=0; w2=0; w3=1; w4=0;
  38   1      }
  39          void show4()
  40          {
  41   1        duan=sz[3]; w1=0; w2=0; w3=0; w4=1;
  42   1      }
  43          /*
  44          void jump_low() interrupt 2
  45          {
  46            P1=~P1;
  47          }*/
  48          
  49          void main()
  50          {
  51   1        while(1)
  52   1        {
  53   2          duan=0xff;
  54   2          if(k1==0)
C51 COMPILER V9.54   DSQ                                                                   10/16/2018 19:19:08 PAGE 2   

  55   2          {
  56   3            while(1)
  57   3            {
  58   4              show1();
  59   4              if(k2==0 || k3==0 || k4==0)
  60   4                break;
  61   4            }
  62   3            
  63   3          }
  64   2          
  65   2          if(k2==0)
  66   2          {
  67   3            while(1)
  68   3            {
  69   4              show2();
  70   4              if(k1==0 || k3==0 || k4==0)
  71   4                break;
  72   4            }
  73   3            
  74   3          }
  75   2          
  76   2          if(k3==0)
  77   2          {
  78   3            while(1)
  79   3            {
  80   4              show3();
  81   4              if(k1==0 || k2==0 || k4==0)
  82   4                break;
  83   4            }
  84   3            
  85   3          }
  86   2          
  87   2          if(k4==0)
  88   2          {
  89   3            while(1)
  90   3            {
  91   4              show4();
  92   4              if(k1==0 || k3==0 || k2==0)
  93   4                break;
  94   4            }
  95   3            
  96   3          }
  97   2        }
  98   1        
  99   1        
 100   1        
 101   1      }


MODULE INFORMATION:   STATIC OVERLAYABLE
   CODE SIZE        =    159    ----
   CONSTANT SIZE    =      4    ----
   XDATA SIZE       =   ----    ----
   PDATA SIZE       =   ----    ----
   DATA SIZE        =   ----    ----
   IDATA SIZE       =   ----    ----
   BIT SIZE         =   ----    ----
END OF MODULE INFORMATION.


C51 COMPILATION COMPLETE.  0 WARNING(S),  0 ERROR(S)
