C51 COMPILER V9.54   DSQ1                                                                  10/16/2018 19:04:06 PAGE 1   


C51 COMPILER V9.54, COMPILATION OF MODULE DSQ1
OBJECT MODULE PLACED IN .\Objects\dsq1.obj
COMPILER INVOKED BY: C:\Keil_v5\C51\BIN\C51.EXE dsq1.c OPTIMIZE(8,SPEED) BROWSE DEBUG OBJECTEXTEND PRINT(.\Listings\dsq1
                    -.lst) TABS(2) OBJECT(.\Objects\dsq1.obj)

line level    source

   1          #include<reg52.h>
   2          
   3          
   4          void delay(unsigned int xms)
   5          {
   6   1        unsigned int i;
   7   1        for(;xms>0;xms--)
   8   1          for(i=112;i>0;i--);
   9   1      }
  10          
  11          
  12          void jump_low() interrupt 0
  13          {
  14   1        P1=~P1;
  15   1        delay(200);
  16   1      }
  17          
  18          void main()
  19          {
  20   1        P1=0xf0;
  21   1        EX0=1;
  22   1        EA=1;
  23   1        IT0=0;
  24   1        
  25   1        while(1);
  26   1      }


MODULE INFORMATION:   STATIC OVERLAYABLE
   CODE SIZE        =     79    ----
   CONSTANT SIZE    =   ----    ----
   XDATA SIZE       =   ----    ----
   PDATA SIZE       =   ----    ----
   DATA SIZE        =   ----    ----
   IDATA SIZE       =   ----    ----
   BIT SIZE         =   ----    ----
END OF MODULE INFORMATION.


C51 COMPILATION COMPLETE.  0 WARNING(S),  0 ERROR(S)
